<?xml version="1.0" encoding="UTF-8"?>
<testsuite xmlns:xsi="http://www.w3.org/2001/XMLSchema-instance" xsi:noNamespaceSchemaLocation="https://maven.apache.org/surefire/maven-surefire-plugin/xsd/surefire-test-report-3.0.xsd" version="3.0" name="com.example.wwwjs.wwwjsTest" time="0.196" tests="21" errors="0" skipped="0" failures="0">
  <properties>
[...]
</properties>
  <testcase name="testPrintTextStripsScripts" classname="com.example.wwwjs.wwwjsTest" time="0.072"/>
  <testcase name="testLoadTimeoutDefault" classname="com.example.wwwjs.wwwjsTest" time="0.002"/>
  <testcase name="testLoadConfigValue" classname="com.example.wwwjs.wwwjsTest" time="0.013"/>
  <testcase name="testLoadUserAgentCliOverride" classname="com.example.wwwjs.wwwjsTest" time="0.001"/>
  <testcase name="testLoadConfigValueDefault" classname="com.example.wwwjs.wwwjsTest" time="0.002"/>
  <testcase name="testCleanUrlProtocolRelative" classname="com.example.wwwjs.wwwjsTest" time="0.003"/>
  <testcase name="testLoadUserAgentDefault" classname="com.example.wwwjs.wwwjsTest" time="0.003"/>
  <testcase name="testPrintLinksExtractsAnchors" classname="com.example.wwwjs.wwwjsTest" time="0.015"/>
  <testcase name="testCleanUrlGoogleRedirect" classname="com.example.wwwjs.wwwjsTest" time="0.003"/>
  <testcase name="testDetectCaptchaFindsSpanishRedirect" classname="com.example.wwwjs.wwwjsTest" time="0.004"/>
  <testcase name="testDetectCaptchaFindsGoogleBypass" classname="com.example.wwwjs.wwwjsTest" time="0.002"/>
  <testcase name="testLoadConfigLong" classname="com.example.wwwjs.wwwjsTest" time="0.003"/>
  <testcase name="testLoadUserAgentFromConfig" classname="com.example.wwwjs.wwwjsTest" time="0.003"/>
  <testcase name="testPrintTextStripHtml" classname="com.example.wwwjs.wwwjsTest" time="0.003"/>
  <testcase name="testDetectCaptchaFindsCaptcha" classname="com.example.wwwjs.wwwjsTest" time="0.001"/>
  <testcase name="testDetectCaptchaPassesCleanPage" classname="com.example.wwwjs.wwwjsTest" time="0.002"/>
  <testcase name="testLoadConfigLongDefault" classname="com.example.wwwjs.wwwjsTest" time="0.002"/>
  <testcase name="testCleanUrlRelative" classname="com.example.wwwjs.wwwjsTest" time="0.001"/>
  <testcase name="testCleanUrlGoogle" classname="com.example.wwwjs.wwwjsTest" time="0.002"/>
  <testcase name="testPrintLinksNoAnchors" classname="com.example.wwwjs.wwwjsTest" time="0.002"/>
  <testcase name="testLoadTimeout" classname="com.example.wwwjs.wwwjsTest" time="0.002"/>
</testsuite>